<?xml version="1.0" encoding="UTF-8"?>
<!-- Generated by org.testng.reporters.JUnitReportReporter -->
<testsuite name="wallethub.WalletHubReview" tests="1" time="14.335" ignored="0" failures="0" timestamp="23 Dec 2016 09:26:56 GMT" skipped="0" hostname="NguyenPT.local" errors="0">
  <testcase name="f" time="14.335" classname="wallethub.WalletHubReview"/>
</testsuite> <!-- wallethub.WalletHubReview -->
