<?xml version="1.0" encoding="UTF-8"?>
<!-- Generated by org.testng.reporters.JUnitReportReporter -->
<testsuite name="facebookmessage.suites.FacebookMessage" tests="1" time="11.925" ignored="0" failures="0" timestamp="25 Dec 2016 19:51:33 GMT" skipped="0" hostname="FS-AND-DKT01" errors="0">
  <testcase name="postAFacebookMessage" time="11.925" classname="facebookmessage.suites.FacebookMessage"/>
</testsuite> <!-- facebookmessage.suites.FacebookMessage -->
